  15 rows,  39 elements
 Matrix:
    4.0       0.0       0.0       0.0       1.0       0.0       0.0       0.0       2.0       0.0       0.0       0.0       0.0       0.0       0.0    
    0.0       5.0       0.0       0.0       0.0       0.0       0.0       0.0       0.0       0.0       2.0       0.0       0.0       0.0       0.0    
    0.0       0.0       3.0       0.0       0.0       0.0       0.0       0.0       0.0      -2.0       0.0       0.0       0.0       0.0       0.0    
    0.0       0.0       0.0       3.0       0.0       0.0       0.0       1.0       0.0       0.0       0.0       0.0       0.0       0.0       0.0    
    1.0       0.0       0.0       0.0       6.0       0.0       0.0       0.0       0.0       0.0       0.0       0.0       0.0       0.0       0.0    
    0.0       0.0       0.0       0.0       0.0       6.0       0.0       0.0      -2.0       0.0       0.0       0.0       0.0       0.0       0.0    
    0.0       0.0       0.0       0.0       0.0       0.0       4.0       0.0       0.0       1.0       0.0       0.0       2.0       1.0       0.0    
    0.0       0.0       0.0       1.0       0.0       0.0       0.0       5.0       0.0       0.0       0.0       1.0       0.0       0.0       0.0    
    2.0       0.0       0.0       0.0       0.0      -2.0       0.0       0.0       4.0       0.0       0.0       0.0       0.0       0.0       0.0    
    0.0       0.0      -2.0       0.0       0.0       0.0       1.0       0.0       0.0       6.0       0.0       0.0       0.0       2.0       0.0    
    0.0       2.0       0.0       0.0       0.0       0.0       0.0       0.0       0.0       0.0       5.0       0.0       0.0       0.0       0.0    
    0.0       0.0       0.0       0.0       0.0       0.0       0.0       1.0       0.0       0.0       0.0       2.0       0.0       0.0       0.0    
    0.0       0.0       0.0       0.0       0.0       0.0       2.0       0.0       0.0       0.0       0.0       0.0       4.0       0.0       1.0    
    0.0       0.0       0.0       0.0       0.0       0.0       1.0       0.0       0.0       2.0       0.0       0.0       0.0       4.0       0.0    
    0.0       0.0       0.0       0.0       0.0       0.0       0.0       0.0       0.0       0.0       0.0       0.0       1.0       0.0       1.0    
 CALL CUTCHO...
 Half band width after Cuthill-McKee:    2

 Solution No  1
   i    R. H. S.        x(i)            exact           error
 --------------------------------------------------------------
   1  0.27000000E+02  0.10000000E+01  0.10000000E+01  0.000E+00
   2  0.32000000E+02  0.20000000E+01  0.20000000E+01  0.000E+00
   3 -0.11000000E+02  0.30000000E+01  0.30000000E+01  0.000E+00
   4  0.20000000E+02  0.40000000E+01  0.40000000E+01  0.000E+00
   5  0.31000000E+02  0.50000000E+01  0.50000000E+01  0.000E+00
   6  0.18000000E+02  0.60000000E+01  0.60000000E+01  0.000E+00
   7  0.78000000E+02  0.70000000E+01  0.70000000E+01  0.000E+00
   8  0.56000000E+02  0.80000000E+01  0.80000000E+01  0.000E+00
   9  0.26000000E+02  0.90000000E+01  0.90000000E+01  0.000E+00
  10  0.89000000E+02  0.10000000E+02  0.10000000E+02  0.000E+00
  11  0.59000000E+02  0.11000000E+02  0.11000000E+02  0.000E+00
  12  0.32000000E+02  0.12000000E+02  0.12000000E+02  0.000E+00
  13  0.81000000E+02  0.13000000E+02  0.13000000E+02  0.000E+00
  14  0.83000000E+02  0.14000000E+02  0.14000000E+02  0.000E+00
  15  0.28000000E+02  0.15000000E+02  0.15000000E+02  0.000E+00

 Solution No  2
   i    R. H. S.        x(i)            exact           error
 --------------------------------------------------------------
   1  0.34000000E+02  0.20000000E+01  0.20000000E+01  0.000E+00
   2  0.39000000E+02  0.30000000E+01  0.30000000E+01  0.000E+00
   3 -0.10000000E+02  0.40000000E+01  0.40000000E+01  0.000E+00
   4  0.24000000E+02  0.50000000E+01  0.50000000E+01  0.000E+00
   5  0.38000000E+02  0.60000000E+01  0.60000000E+01  0.000E+00
   6  0.22000000E+02  0.70000000E+01  0.70000000E+01  0.000E+00
   7  0.86000000E+02  0.80000000E+01  0.80000000E+01  0.000E+00
   8  0.63000000E+02  0.90000000E+01  0.90000000E+01  0.000E+00
   9  0.30000000E+02  0.10000000E+02  0.10000000E+02  0.000E+00
  10  0.96000000E+02  0.11000000E+02  0.11000000E+02  0.000E+00
  11  0.66000000E+02  0.12000000E+02  0.12000000E+02  0.000E+00
  12  0.35000000E+02  0.13000000E+02  0.13000000E+02  0.000E+00
  13  0.88000000E+02  0.14000000E+02  0.14000000E+02  0.000E+00
  14  0.90000000E+02  0.15000000E+02  0.15000000E+02  0.000E+00
  15  0.30000000E+02  0.16000000E+02  0.16000000E+02  0.000E+00

 Solution No  3
   i    R. H. S.        x(i)            exact           error
 --------------------------------------------------------------
   1  0.41000000E+02  0.30000000E+01  0.30000000E+01  0.000E+00
   2  0.46000000E+02  0.40000000E+01  0.40000000E+01  0.000E+00
   3 -0.90000000E+01  0.50000000E+01  0.50000000E+01  0.000E+00
   4  0.28000000E+02  0.60000000E+01  0.60000000E+01  0.000E+00
   5  0.45000000E+02  0.70000000E+01  0.70000000E+01  0.000E+00
   6  0.26000000E+02  0.80000000E+01  0.80000000E+01  0.000E+00
   7  0.94000000E+02  0.90000000E+01  0.90000000E+01  0.000E+00
   8  0.70000000E+02  0.10000000E+02  0.10000000E+02  0.000E+00
   9  0.34000000E+02  0.11000000E+02  0.11000000E+02  0.000E+00
  10  0.10300000E+03  0.12000000E+02  0.12000000E+02  0.000E+00
  11  0.73000000E+02  0.13000000E+02  0.13000000E+02  0.000E+00
  12  0.38000000E+02  0.14000000E+02  0.14000000E+02  0.000E+00
  13  0.95000000E+02  0.15000000E+02  0.15000000E+02  0.000E+00
  14  0.97000000E+02  0.16000000E+02  0.16000000E+02  0.000E+00
  15  0.32000000E+02  0.17000000E+02  0.17000000E+02  0.000E+00

 Solution No  4
   i    R. H. S.        x(i)            exact           error
 --------------------------------------------------------------
   1  0.48000000E+02  0.40000000E+01  0.40000000E+01  0.000E+00
   2  0.53000000E+02  0.50000000E+01  0.50000000E+01  0.000E+00
   3 -0.80000000E+01  0.60000000E+01  0.60000000E+01  0.000E+00
   4  0.32000000E+02  0.70000000E+01  0.70000000E+01  0.000E+00
   5  0.52000000E+02  0.80000000E+01  0.80000000E+01  0.000E+00
   6  0.30000000E+02  0.90000000E+01  0.90000000E+01  0.000E+00
   7  0.10200000E+03  0.10000000E+02  0.10000000E+02  0.000E+00
   8  0.77000000E+02  0.11000000E+02  0.11000000E+02  0.000E+00
   9  0.38000000E+02  0.12000000E+02  0.12000000E+02  0.000E+00
  10  0.11000000E+03  0.13000000E+02  0.13000000E+02  0.000E+00
  11  0.80000000E+02  0.14000000E+02  0.14000000E+02  0.000E+00
  12  0.41000000E+02  0.15000000E+02  0.15000000E+02  0.000E+00
  13  0.10200000E+03  0.16000000E+02  0.16000000E+02  0.000E+00
  14  0.10400000E+03  0.17000000E+02  0.17000000E+02  0.000E+00
  15  0.34000000E+02  0.18000000E+02  0.18000000E+02  0.000E+00

 Solution No  5
   i    R. H. S.        x(i)            exact           error
 --------------------------------------------------------------
   1  0.55000000E+02  0.50000000E+01  0.50000000E+01  0.000E+00
   2  0.60000000E+02  0.60000000E+01  0.60000000E+01  0.000E+00
   3 -0.70000000E+01  0.70000000E+01  0.70000000E+01  0.000E+00
   4  0.36000000E+02  0.80000000E+01  0.80000000E+01  0.000E+00
   5  0.59000000E+02  0.90000000E+01  0.90000000E+01  0.000E+00
   6  0.34000000E+02  0.10000000E+02  0.10000000E+02  0.000E+00
   7  0.11000000E+03  0.11000000E+02  0.11000000E+02  0.000E+00
   8  0.84000000E+02  0.12000000E+02  0.12000000E+02  0.000E+00
   9  0.42000000E+02  0.13000000E+02  0.13000000E+02  0.000E+00
  10  0.11700000E+03  0.14000000E+02  0.14000000E+02  0.000E+00
  11  0.87000000E+02  0.15000000E+02  0.15000000E+02  0.000E+00
  12  0.44000000E+02  0.16000000E+02  0.16000000E+02  0.000E+00
  13  0.10900000E+03  0.17000000E+02  0.17000000E+02  0.000E+00
  14  0.11100000E+03  0.18000000E+02  0.18000000E+02  0.000E+00
  15  0.36000000E+02  0.19000000E+02  0.19000000E+02  0.000E+00
